<?xml version="1.0" encoding="UTF-8" ?>
<testsuite tests="1" failures="0" name="hello.GreeterTest" time="0.015" errors="0" skipped="0">
  <properties>
    <property name="java.runtime.name" value="Java(TM) SE Runtime Environment"/>
    <property name="sun.boot.library.path" value="C:\Program Files\Java\jdk1.8.0_151\jre\bin"/>
    <property name="java.vm.version" value="25.151-b12"/>
    <property name="java.vm.vendor" value="Oracle Corporation"/>
    <property name="maven.multiModuleProjectDirectory" value="C:\node\spring"/>
    <property name="java.vendor.url" value="http://java.oracle.com/"/>
    <property name="path.separator" value=";"/>
    <property name="guice.disable.misplaced.annotation.check" value="true"/>
    <property name="java.vm.name" value="Java HotSpot(TM) 64-Bit Server VM"/>
    <property name="file.encoding.pkg" value="sun.io"/>
    <property name="user.script" value=""/>
    <property name="user.country" value="PL"/>
    <property name="sun.java.launcher" value="SUN_STANDARD"/>
    <property name="sun.os.patch.level" value="Service Pack 1"/>
    <property name="java.vm.specification.name" value="Java Virtual Machine Specification"/>
    <property name="user.dir" value="C:\node\spring"/>
    <property name="java.runtime.version" value="1.8.0_151-b12"/>
    <property name="java.awt.graphicsenv" value="sun.awt.Win32GraphicsEnvironment"/>
    <property name="java.endorsed.dirs" value="C:\Program Files\Java\jdk1.8.0_151\jre\lib\endorsed"/>
    <property name="os.arch" value="amd64"/>
    <property name="java.io.tmpdir" value="C:\Users\UYTKOW~1\AppData\Local\Temp\"/>
    <property name="line.separator" value="
"/>
    <property name="java.vm.specification.vendor" value="Oracle Corporation"/>
    <property name="user.variant" value=""/>
    <property name="os.name" value="Windows 7"/>
    <property name="classworlds.conf" value="C:\node\apache-maven-3.5.0-bin\apache-maven-3.5.0\bin\..\bin\m2.conf"/>
    <property name="sun.jnu.encoding" value="Cp1250"/>
    <property name="java.library.path" value="C:\Program Files\Java\jdk1.8.0_151\bin;C:\Windows\Sun\Java\bin;C:\Windows\system32;C:\Windows;C:\Ruby24-x64\bin;C:\ProgramData\Oracle\Java\javapath;C:\Program Files (x86)\EasyPHP-DevServer-14.1VC9\binaries\php\php_runningversion;C:\Perl64\site\bin;C:\Perl64\bin;C:\Windows\system32;C:\Windows;C:\Windows\System32\Wbem;C:\Windows\System32\WindowsPowerShell\v1.0\;C:\Program Files (x86)\Common Files\Roxio Shared\DLLShared\;C:\Program Files (x86)\Common Files\Roxio Shared\OEM\DLLShared\;C:\Program Files (x86)\Common Files\Roxio Shared\OEM\DLLShared\;C:\Program Files (x86)\Common Files\Roxio Shared\OEM\12.0\DLLShared\;C:\Program Files (x86)\Roxio\OEM\AudioCore\;C:\xampp\php;C:\Program Files (x86)\Java\jdk1.8.0_60\bin;C:/Users/użytkownik/AppData/Roaming/Composer;C:\xampp\mysql\bin;C:\Program Files (x86)\nodejs;C:\Program Files\Git\bin;C:\Ruby22\bin;C:\Bitnami\wampstack-5.6.18-0\mysql\bin;C:\ProgramData\ComposerSetup\bin;C:\Program Files\nodejs\;C:\Program Files (x86)\GtkSharp\2.12\bin;C:\Program Files (x86)\Yarn\bin;C:\Program Files\dotnet\;C:\ProgramData\chocolatey\bin;C:\Users\użytkownik\AppData\Local\Programs\Python\Python36\Scripts\;C:\Users\użytkownik\AppData\Local\Programs\Python\Python36\;c:\jruby-9.0.5.0\bin;C:\Program Files (x86)\Java\jre7\bin;C:\Program Files\Git\bin;C:\Ruby22\bin;C:\Users\użytkownik\AppData\Local\.meteor\;C:\Users\użytkownik\AppData\Local\Programs\Python\Python35-32;C:\Users\użytkownik\AppData\Local\Programs\Python\Python35-32\Scripts;C:\Program Files\Java\jdk1.8.0_60\bin;C:\GnuWin32\bin;C:\xampp\htdocs\propel\vendor\bin;C:\Users\użytkownik\AppData\Roaming\Composer\vendor\bin;C:\Program Files\mingw-w64\x86_64-5.3.0-posix-seh-rt_v4-rev0\mingw64\bin;C:\GnuWin32\bin;:\Program Files\mingw-w64\x86_64-5.3.0-posix-seh-rt_v4-rev0\mingw64\bin;C:\RailsInstaller\Ruby2.2.0\lib\ruby\2.2.0;C:\RailsInstaller\Ruby2.2.0\bin;C:\RailsInstaller\Ruby2.2.0\bin;C:\Dev\bin;C:\Users\użytkownik\AppData\Roaming\Composer\vendor\bin\C:\c\ruby\bin;C:\node\phalcon-devtools;C:\Bitnami\wampstack-5.6.30-1\apache2\bin;C:\Bitnami\wampstack-5.6.30-1\common\bin;C:\Bitnami\wampstack-5.6.30-1\mysql\bin;C:\ProgramData\ComposerSetup\bin;C:\Bitnami\wampstack-5.6.30-1\php;C:\Bitnami\wampstack-5.6.30-1\sqlite;C:\Bitnami\wampstack-5.6.30-1\scripts;C:\DevKit-mingw64-64-4.7.2-20130224-1432-sfx\bin;C:\Users\użytkownik\vendor\phalcon\zephir\bin;C:\Bitnami\wampstack-5.6.30-1\php;C:\Users\użytkownik\AppData\Roaming\npm;C:\Users\użytkownik\AppData\Roaming\npm;C:\Users\użytkownik\AppData\Roaming\Composer\vendor\bin;C:\Program Files\Mono\bin;C:\Users\użytkownik\AppData\Local\Yarn\bin;C:\Program Files\nodejs\node_modules\npm\bin;C:\Bitnami\wampstack-7.0.22-1\php;C:\node\phalcon\vendor\phalcon\devtools;C:\Bitnami\wampstack-7.0.22-1\common\bin;C:\node\main-ipy-2.7.7\main-ipy-2.7.7\Util\IronPython;C:\Program Files\Java\jdk-9\bin;C:\node\apache-maven-3.5.0-bin\apache-maven-3.5.0\bin;C:\node;."/>
    <property name="maven.conf" value="C:\node\apache-maven-3.5.0-bin\apache-maven-3.5.0\bin\../conf"/>
    <property name="java.specification.name" value="Java Platform API Specification"/>
    <property name="java.class.version" value="52.0"/>
    <property name="sun.management.compiler" value="HotSpot 64-Bit Tiered Compilers"/>
    <property name="os.version" value="6.1"/>
    <property name="library.jansi.path" value="C:\node\apache-maven-3.5.0-bin\apache-maven-3.5.0\bin\..\lib\jansi-native\windows64"/>
    <property name="user.home" value="C:\Users\użytkownik"/>
    <property name="user.timezone" value="Europe/Belgrade"/>
    <property name="java.awt.printerjob" value="sun.awt.windows.WPrinterJob"/>
    <property name="java.specification.version" value="1.8"/>
    <property name="file.encoding" value="Cp1250"/>
    <property name="user.name" value="użytkownik"/>
    <property name="java.class.path" value="C:\node\apache-maven-3.5.0-bin\apache-maven-3.5.0\bin\..\boot\plexus-classworlds-2.5.2.jar"/>
    <property name="java.vm.specification.version" value="1.8"/>
    <property name="sun.arch.data.model" value="64"/>
    <property name="java.home" value="C:\Program Files\Java\jdk1.8.0_151\jre"/>
    <property name="sun.java.command" value="org.codehaus.plexus.classworlds.launcher.Launcher test"/>
    <property name="java.specification.vendor" value="Oracle Corporation"/>
    <property name="user.language" value="pl"/>
    <property name="awt.toolkit" value="sun.awt.windows.WToolkit"/>
    <property name="java.vm.info" value="mixed mode"/>
    <property name="java.version" value="1.8.0_151"/>
    <property name="java.ext.dirs" value="C:\Program Files\Java\jdk1.8.0_151\jre\lib\ext;C:\Windows\Sun\Java\lib\ext"/>
    <property name="sun.boot.class.path" value="C:\Program Files\Java\jdk1.8.0_151\jre\lib\resources.jar;C:\Program Files\Java\jdk1.8.0_151\jre\lib\rt.jar;C:\Program Files\Java\jdk1.8.0_151\jre\lib\sunrsasign.jar;C:\Program Files\Java\jdk1.8.0_151\jre\lib\jsse.jar;C:\Program Files\Java\jdk1.8.0_151\jre\lib\jce.jar;C:\Program Files\Java\jdk1.8.0_151\jre\lib\charsets.jar;C:\Program Files\Java\jdk1.8.0_151\jre\lib\jfr.jar;C:\Program Files\Java\jdk1.8.0_151\jre\classes"/>
    <property name="sun.stderr.encoding" value="cp852"/>
    <property name="java.vendor" value="Oracle Corporation"/>
    <property name="maven.home" value="C:\node\apache-maven-3.5.0-bin\apache-maven-3.5.0\bin\.."/>
    <property name="file.separator" value="\"/>
    <property name="java.vendor.url.bug" value="http://bugreport.sun.com/bugreport/"/>
    <property name="sun.cpu.endian" value="little"/>
    <property name="sun.io.unicode.encoding" value="UnicodeLittle"/>
    <property name="sun.stdout.encoding" value="cp852"/>
    <property name="sun.desktop" value="windows"/>
    <property name="sun.cpu.isalist" value="amd64"/>
  </properties>
  <testcase classname="hello.GreeterTest" name="greeterSaysHello" time="0.015"/>
</testsuite>